2025-08-09 16:12:54.4722|INFO|SeleniumFramework.Tests.BaseTests|================== Starting Test =================
2025-08-09 16:13:04.5812|INFO|SeleniumFramework.Logger|Wait for element:By.Id: menuUserLink to be clickable in 30s seconds
2025-08-09 16:13:04.5967|INFO|SeleniumFramework.Logger|Clicking on element: By.Id: menuUserLink
2025-08-09 16:13:04.6142|INFO|SeleniumFramework.Logger|Wait for element:By.XPath: //a[text()='CREATE NEW ACCOUNT'] to be clickable in 30s seconds
2025-08-09 16:13:05.1465|INFO|SeleniumFramework.Logger|Clicking on element: By.XPath: //a[text()='CREATE NEW ACCOUNT']
2025-08-09 16:13:05.4073|INFO|SeleniumFramework.Logger|Entering Anuroop over element:First Name field
2025-08-09 16:13:05.5105|INFO|SeleniumFramework.Logger|Selecting value: India from dropdown: Country dropdown
2025-08-09 16:13:05.5105|INFO|SeleniumFramework.Logger|Wait for element:By.CssSelector: select[name='countryListboxRegisterPage'] to be visible,for time: 50 seconds.
2025-08-09 16:13:05.6688|INFO|SeleniumFramework.Tests.BaseTests|================== Ending Test =================
2025-08-09 16:23:18.1224|INFO|SeleniumFramework.Tests.BaseTests|================== Starting Test =================
2025-08-09 16:23:22.7010|INFO|SeleniumFramework.Logger|Wait for element:By.Id: menuUserLink to be clickable in 30s seconds
2025-08-09 16:23:27.0302|INFO|SeleniumFramework.Logger|Clicking on element: By.Id: menuUserLink
2025-08-09 16:23:28.0687|INFO|SeleniumFramework.Logger|Entering anuroop over element:By.XPath: //input[@name='username']
2025-08-09 16:23:28.1655|INFO|SeleniumFramework.Logger|Entering Password@123 over element:By.XPath: //input[@name='password']
2025-08-09 16:23:30.2006|INFO|SeleniumFramework.Logger|Wait for element:By.XPath: //button[@id='sign_in_btn'] to be clickable in 50s seconds
2025-08-09 16:23:30.2116|INFO|SeleniumFramework.Logger|Clicking on element: By.XPath: //button[@id='sign_in_btn']
2025-08-09 16:23:31.2301|INFO|SeleniumFramework.Logger|Wait for element:By.Id: menuUserLink to be clickable in 30s seconds
2025-08-09 16:23:31.2385|INFO|SeleniumFramework.Logger|Clicking on element: By.Id: menuUserLink
2025-08-09 16:23:31.2449|INFO|SeleniumFramework.Logger|Wait for element:By.XPath: //div[@id='loginMiniTitle']/label[text()='Sign out'] to be clickable in 50s seconds
2025-08-09 16:23:31.7654|INFO|SeleniumFramework.Logger|Clicking on element: By.XPath: //div[@id='loginMiniTitle']/label[text()='Sign out']
2025-08-09 16:23:31.7710|INFO|SeleniumFramework.Tests.BaseTests|================== Ending Test =================
2025-08-09 17:38:12.4031|INFO|SeleniumFramework.Tests.BaseTests|================== Starting Test =================
2025-08-09 17:38:12.4031|INFO|SeleniumFramework.Tests.BaseTests|================== Starting Test =================
2025-08-09 17:38:19.9013|INFO|SeleniumFramework.Logger|Wait for element:By.Id: menuUserLink to be clickable in 30s seconds
2025-08-09 17:38:19.9013|INFO|SeleniumFramework.Logger|Wait for element:By.Id: menuUserLink to be clickable in 30s seconds
2025-08-09 17:38:19.9177|INFO|SeleniumFramework.Logger|Clicking on element: By.Id: menuUserLink
2025-08-09 17:38:19.9177|INFO|SeleniumFramework.Logger|Clicking on element: By.Id: menuUserLink
2025-08-09 17:38:20.4655|INFO|SeleniumFramework.Logger|Entering anuroop over element:By.XPath: //input[@name='username']
2025-08-09 17:38:20.5811|INFO|SeleniumFramework.Logger|Entering Password@123 over element:By.XPath: //input[@name='password']
2025-08-09 17:38:20.9767|INFO|SeleniumFramework.Logger|Entering anuroop over element:By.XPath: //input[@name='username']
2025-08-09 17:38:21.0609|INFO|SeleniumFramework.Logger|Entering Password@123 over element:By.XPath: //input[@name='password']
2025-08-09 17:38:21.0994|INFO|SeleniumFramework.Logger|Wait for element:By.Id: menuUserLink to be clickable in 30s seconds
2025-08-09 17:38:21.1070|INFO|SeleniumFramework.Logger|Clicking on element: By.Id: menuUserLink
2025-08-09 17:38:21.1131|INFO|SeleniumFramework.Logger|Wait for element:By.XPath: //div[@id='loginMiniTitle']/label[text()='Sign out'] to be clickable in 50s seconds
2025-08-09 17:38:21.1313|INFO|SeleniumFramework.Logger|Wait for element:By.Id: menuUserLink to be clickable in 30s seconds
2025-08-09 17:38:21.1379|INFO|SeleniumFramework.Logger|Clicking on element: By.Id: menuUserLink
2025-08-09 17:38:21.1480|INFO|SeleniumFramework.Logger|Wait for element:By.XPath: //div[@id='loginMiniTitle']/label[text()='Sign out'] to be clickable in 50s seconds
2025-08-09 17:39:11.5805|INFO|SeleniumFramework.Tests.BaseTests|================== Ending Test =================
2025-08-09 17:39:11.5805|INFO|SeleniumFramework.Tests.BaseTests|================== Ending Test =================
2025-08-09 17:39:45.0692|INFO|SeleniumFramework.Tests.BaseTests|================== Starting Test =================
2025-08-09 17:39:45.0692|INFO|SeleniumFramework.Tests.BaseTests|================== Starting Test =================
2025-08-09 17:39:48.4872|INFO|SeleniumFramework.Logger|Wait for element:By.Id: menuUserLink to be clickable in 30s seconds
2025-08-09 17:39:50.6547|INFO|SeleniumFramework.Logger|Clicking on element: By.Id: menuUserLink
2025-08-09 17:39:51.7021|INFO|SeleniumFramework.Logger|Entering anuroop over element:By.XPath: //input[@name='username']
2025-08-09 17:39:51.8118|INFO|SeleniumFramework.Logger|Entering Password@123 over element:By.XPath: //input[@name='password']
2025-08-09 17:39:51.8456|INFO|SeleniumFramework.Tests.BaseTests|================== Ending Test =================
2025-08-09 17:39:53.4163|INFO|SeleniumFramework.Logger|Wait for element:By.Id: menuUserLink to be clickable in 30s seconds
2025-08-09 17:39:53.4280|INFO|SeleniumFramework.Logger|Clicking on element: By.Id: menuUserLink
2025-08-09 17:39:54.4821|INFO|SeleniumFramework.Logger|Entering anuroop over element:By.XPath: //input[@name='username']
2025-08-09 17:39:54.5843|INFO|SeleniumFramework.Logger|Entering Password@123 over element:By.XPath: //input[@name='password']
2025-08-09 17:39:55.1255|INFO|SeleniumFramework.Tests.BaseTests|================== Ending Test =================
2025-08-09 17:40:28.1608|INFO|SeleniumFramework.Tests.BaseTests|================== Starting Test =================
2025-08-09 17:40:28.1608|INFO|SeleniumFramework.Tests.BaseTests|================== Starting Test =================
2025-08-09 17:40:31.5768|INFO|SeleniumFramework.Logger|Wait for element:By.Id: menuUserLink to be clickable in 30s seconds
2025-08-09 17:40:32.5722|INFO|SeleniumFramework.Logger|Wait for element:By.Id: menuUserLink to be clickable in 30s seconds
2025-08-09 17:40:32.5845|INFO|SeleniumFramework.Logger|Clicking on element: By.Id: menuUserLink
2025-08-09 17:40:32.6630|INFO|SeleniumFramework.Logger|Clicking on element: By.Id: menuUserLink
2025-08-09 17:40:33.2302|INFO|SeleniumFramework.Logger|Entering anuroop over element:By.XPath: //input[@name='username']
2025-08-09 17:40:33.3326|INFO|SeleniumFramework.Logger|Entering Password@123 over element:By.XPath: //input[@name='password']
2025-08-09 17:40:33.6282|INFO|SeleniumFramework.Logger|Entering anuroop over element:By.XPath: //input[@name='username']
2025-08-09 17:40:33.7195|INFO|SeleniumFramework.Logger|Entering Password@123 over element:By.XPath: //input[@name='password']
2025-08-09 17:40:35.8705|INFO|SeleniumFramework.Logger|Wait for element:By.XPath: //button[@id='sign_in_btn'] to be clickable in 50s seconds
2025-08-09 17:40:35.8968|INFO|SeleniumFramework.Logger|Clicking on element: By.XPath: //button[@id='sign_in_btn']
2025-08-09 17:40:36.2610|INFO|SeleniumFramework.Logger|Wait for element:By.XPath: //button[@id='sign_in_btn'] to be clickable in 50s seconds
2025-08-09 17:40:36.2757|INFO|SeleniumFramework.Logger|Clicking on element: By.XPath: //button[@id='sign_in_btn']
2025-08-09 17:40:36.7907|INFO|SeleniumFramework.Logger|Wait for element:By.Id: menuUserLink to be clickable in 30s seconds
2025-08-09 17:40:36.8014|INFO|SeleniumFramework.Logger|Clicking on element: By.Id: menuUserLink
2025-08-09 17:40:36.8121|INFO|SeleniumFramework.Tests.BaseTests|================== Ending Test =================
2025-08-09 17:40:36.9192|INFO|SeleniumFramework.Logger|Wait for element:By.Id: menuUserLink to be clickable in 30s seconds
2025-08-09 17:40:36.9265|INFO|SeleniumFramework.Logger|Clicking on element: By.Id: menuUserLink
2025-08-09 17:40:36.9322|INFO|SeleniumFramework.Tests.BaseTests|================== Ending Test =================
2025-08-09 17:40:57.4791|INFO|SeleniumFramework.Tests.BaseTests|================== Starting Test =================
2025-08-09 17:40:57.4791|INFO|SeleniumFramework.Tests.BaseTests|================== Starting Test =================
2025-08-09 17:41:02.3861|INFO|SeleniumFramework.Logger|Wait for element:By.Id: menuUserLink to be clickable in 30s seconds
2025-08-09 17:41:02.4008|INFO|SeleniumFramework.Logger|Clicking on element: By.Id: menuUserLink
2025-08-09 17:41:02.4825|INFO|SeleniumFramework.Logger|Wait for element:By.Id: menuUserLink to be clickable in 30s seconds
2025-08-09 17:41:02.4936|INFO|SeleniumFramework.Logger|Clicking on element: By.Id: menuUserLink
2025-08-09 17:41:03.4444|INFO|SeleniumFramework.Logger|Entering anuroop over element:By.XPath: //input[@name='username']
2025-08-09 17:41:03.5307|INFO|SeleniumFramework.Logger|Entering anuroop over element:By.XPath: //input[@name='username']
2025-08-09 17:41:03.5528|INFO|SeleniumFramework.Logger|Entering Password@123 over element:By.XPath: //input[@name='password']
2025-08-09 17:41:03.6091|INFO|SeleniumFramework.Logger|Entering Password@123 over element:By.XPath: //input[@name='password']
2025-08-09 17:41:05.6085|INFO|SeleniumFramework.Logger|Wait for element:By.XPath: //button[@id='sign_in_btn'] to be clickable in 50s seconds
2025-08-09 17:41:05.6357|INFO|SeleniumFramework.Logger|Clicking on element: By.XPath: //button[@id='sign_in_btn']
2025-08-09 17:41:05.6447|INFO|SeleniumFramework.Logger|Wait for element:By.XPath: //button[@id='sign_in_btn'] to be clickable in 50s seconds
2025-08-09 17:41:05.6618|INFO|SeleniumFramework.Logger|Clicking on element: By.XPath: //button[@id='sign_in_btn']
2025-08-09 17:41:06.1569|INFO|SeleniumFramework.Logger|Wait for element:By.Id: menuUserLink to be clickable in 30s seconds
2025-08-09 17:41:06.1677|INFO|SeleniumFramework.Logger|Clicking on element: By.Id: menuUserLink
2025-08-09 17:41:06.1776|INFO|SeleniumFramework.Logger|Wait for element:By.XPath: //div[@id='loginMiniTitle']/label[text()='Sign out'] to be clickable in 50s seconds
2025-08-09 17:41:06.1825|INFO|SeleniumFramework.Logger|Wait for element:By.Id: menuUserLink to be clickable in 30s seconds
2025-08-09 17:41:06.1907|INFO|SeleniumFramework.Logger|Clicking on element: By.Id: menuUserLink
2025-08-09 17:41:06.1910|INFO|SeleniumFramework.Logger|Clicking on element: By.XPath: //div[@id='loginMiniTitle']/label[text()='Sign out']
2025-08-09 17:41:06.1978|INFO|SeleniumFramework.Logger|Wait for element:By.XPath: //div[@id='loginMiniTitle']/label[text()='Sign out'] to be clickable in 50s seconds
2025-08-09 17:41:06.2031|INFO|SeleniumFramework.Tests.BaseTests|================== Ending Test =================
2025-08-09 17:41:06.2314|INFO|SeleniumFramework.Logger|Clicking on element: By.XPath: //div[@id='loginMiniTitle']/label[text()='Sign out']
2025-08-09 17:41:06.2372|INFO|SeleniumFramework.Tests.BaseTests|================== Ending Test =================
2025-08-09 19:16:22.4832|INFO|SeleniumFramework.Tests.BaseTests|================== Starting Test =================
2025-08-09 19:16:22.4832|INFO|SeleniumFramework.Tests.BaseTests|================== Starting Test =================
2025-08-09 19:16:22.4832|INFO|SeleniumFramework.Tests.BaseTests|================== Starting Test =================
2025-08-09 19:16:22.4832|INFO|SeleniumFramework.Tests.BaseTests|================== Starting Test =================
2025-08-09 19:16:31.4666|INFO|SeleniumFramework.Logger|Wait for element:By.Id: menuUserLink to be clickable in 30s seconds
2025-08-09 19:16:31.4828|INFO|SeleniumFramework.Logger|Clicking on element: By.Id: menuUserLink
2025-08-09 19:16:31.4979|INFO|SeleniumFramework.Logger|Wait for element:By.XPath: //a[text()='CREATE NEW ACCOUNT'] to be clickable in 30s seconds
2025-08-09 19:16:32.0227|INFO|SeleniumFramework.Logger|Clicking on element: By.XPath: //a[text()='CREATE NEW ACCOUNT']
2025-08-09 19:16:32.5953|INFO|SeleniumFramework.Logger|Entering shopper_j over element:First Name field
2025-08-09 19:16:32.7182|INFO|SeleniumFramework.Logger|Entering shopper.j@testmail.com over element:Eamil field
2025-08-09 19:16:35.5132|INFO|SeleniumFramework.Logger|Wait for element:By.Id: menuUserLink to be clickable in 30s seconds
2025-08-09 19:16:35.5327|INFO|SeleniumFramework.Logger|Clicking on element: By.Id: menuUserLink
2025-08-09 19:16:35.5423|INFO|SeleniumFramework.Logger|Wait for element:By.XPath: //a[text()='CREATE NEW ACCOUNT'] to be clickable in 30s seconds
2025-08-09 19:16:36.0616|INFO|SeleniumFramework.Logger|Clicking on element: By.XPath: //a[text()='CREATE NEW ACCOUNT']
2025-08-09 19:16:36.9425|INFO|SeleniumFramework.Logger|Entering anna_store over element:First Name field
2025-08-09 19:16:37.0422|INFO|SeleniumFramework.Logger|Entering anna.store@testmail.com over element:Eamil field
2025-08-09 19:16:53.3169|INFO|SeleniumFramework.Tests.BaseTests|================== Ending Test =================
2025-08-09 19:16:53.5610|INFO|SeleniumFramework.Tests.BaseTests|================== Starting Test =================
2025-08-09 19:16:57.6072|INFO|SeleniumFramework.Tests.BaseTests|================== Ending Test =================
2025-08-09 19:16:58.6488|INFO|SeleniumFramework.Logger|Wait for element:By.Id: menuUserLink to be clickable in 30s seconds
2025-08-09 19:16:58.6612|INFO|SeleniumFramework.Logger|Clicking on element: By.Id: menuUserLink
2025-08-09 19:16:58.6712|INFO|SeleniumFramework.Logger|Wait for element:By.XPath: //a[text()='CREATE NEW ACCOUNT'] to be clickable in 30s seconds
2025-08-09 19:16:59.1895|INFO|SeleniumFramework.Logger|Clicking on element: By.XPath: //a[text()='CREATE NEW ACCOUNT']
2025-08-09 19:16:59.4489|INFO|SeleniumFramework.Logger|Entering mark88 over element:First Name field
2025-08-09 19:16:59.5486|INFO|SeleniumFramework.Logger|Entering mark88@testmail.com over element:Eamil field
2025-08-09 19:17:20.1609|INFO|SeleniumFramework.Tests.BaseTests|================== Ending Test =================
2025-08-09 19:20:24.3323|INFO|SeleniumFramework.Logger|Wait for element:By.Id: menuUserLink to be clickable in 30s seconds
2025-08-09 19:20:25.3964|INFO|SeleniumFramework.Logger|Clicking on element: By.Id: menuUserLink
2025-08-09 19:20:25.4082|INFO|SeleniumFramework.Logger|Wait for element:By.XPath: //a[text()='CREATE NEW ACCOUNT'] to be clickable in 30s seconds
2025-08-09 19:20:25.9363|INFO|SeleniumFramework.Logger|Clicking on element: By.XPath: //a[text()='CREATE NEW ACCOUNT']
2025-08-09 19:20:26.2068|INFO|SeleniumFramework.Logger|Entering techguy01 over element:First Name field
2025-08-09 19:20:26.3156|INFO|SeleniumFramework.Logger|Entering techguy01@testmail.com over element:Eamil field
2025-08-09 19:20:43.5167|INFO|SeleniumFramework.Tests.BaseTests|================== Ending Test =================
2025-08-09 19:20:56.9126|INFO|SeleniumFramework.Logger|Wait for element:By.Id: menuUserLink to be clickable in 30s seconds
2025-08-09 19:20:56.9254|INFO|SeleniumFramework.Logger|Clicking on element: By.Id: menuUserLink
2025-08-09 19:20:56.9350|INFO|SeleniumFramework.Logger|Wait for element:By.XPath: //a[text()='CREATE NEW ACCOUNT'] to be clickable in 30s seconds
2025-08-09 19:20:57.4865|INFO|SeleniumFramework.Logger|Clicking on element: By.XPath: //a[text()='CREATE NEW ACCOUNT']
2025-08-09 19:20:57.8491|INFO|SeleniumFramework.Logger|Entering devtester22 over element:First Name field
2025-08-09 19:20:57.9434|INFO|SeleniumFramework.Logger|Entering devtester22@testmail.com over element:Eamil field
2025-08-09 19:21:18.5743|INFO|SeleniumFramework.Tests.BaseTests|================== Ending Test =================
2025-08-09 19:24:13.3386|INFO|SeleniumFramework.Tests.BaseTests|================== Starting Test =================
2025-08-09 19:24:13.3386|INFO|SeleniumFramework.Tests.BaseTests|================== Starting Test =================
2025-08-09 19:24:18.1546|INFO|SeleniumFramework.Logger|Wait for element:By.Id: menuUserLink to be clickable in 30s seconds
2025-08-09 19:24:18.1546|INFO|SeleniumFramework.Logger|Wait for element:By.Id: menuUserLink to be clickable in 30s seconds
2025-08-09 19:24:18.1697|INFO|SeleniumFramework.Logger|Clicking on element: By.Id: menuUserLink
2025-08-09 19:24:18.1697|INFO|SeleniumFramework.Logger|Clicking on element: By.Id: menuUserLink
2025-08-09 19:24:18.1849|INFO|SeleniumFramework.Logger|Wait for element:By.XPath: //a[text()='CREATE NEW ACCOUNT'] to be clickable in 30s seconds
2025-08-09 19:24:18.1849|INFO|SeleniumFramework.Logger|Wait for element:By.XPath: //a[text()='CREATE NEW ACCOUNT'] to be clickable in 30s seconds
2025-08-09 19:24:18.7106|INFO|SeleniumFramework.Logger|Clicking on element: By.XPath: //a[text()='CREATE NEW ACCOUNT']
2025-08-09 19:24:18.7111|INFO|SeleniumFramework.Logger|Clicking on element: By.XPath: //a[text()='CREATE NEW ACCOUNT']
2025-08-09 19:24:19.0168|INFO|SeleniumFramework.Logger|Entering shopper_j over element:First Name field
2025-08-09 19:24:19.0190|INFO|SeleniumFramework.Logger|Entering techguy01 over element:First Name field
2025-08-09 19:24:19.1375|INFO|SeleniumFramework.Logger|Entering techguy01@testmail.com over element:Eamil field
2025-08-09 19:24:19.1375|INFO|SeleniumFramework.Logger|Entering shopper.j@testmail.com over element:Eamil field
2025-08-09 19:24:19.1952|INFO|SeleniumFramework.Logger|Entering Shop@5678 over element:password field
2025-08-09 19:24:19.1978|INFO|SeleniumFramework.Logger|Entering Pass@1234 over element:password field
2025-08-09 19:24:39.7905|INFO|SeleniumFramework.Tests.BaseTests|================== Ending Test =================
2025-08-09 19:24:39.9050|INFO|SeleniumFramework.Tests.BaseTests|================== Ending Test =================
2025-08-09 19:26:18.1520|INFO|SeleniumFramework.Tests.BaseTests|================== Starting Test =================
2025-08-09 19:26:18.1520|INFO|SeleniumFramework.Tests.BaseTests|================== Starting Test =================
2025-08-09 19:26:22.9964|INFO|SeleniumFramework.Logger|Wait for element:By.Id: menuUserLink to be clickable in 30s seconds
2025-08-09 19:26:22.9964|INFO|SeleniumFramework.Logger|Wait for element:By.Id: menuUserLink to be clickable in 30s seconds
2025-08-09 19:26:23.0120|INFO|SeleniumFramework.Logger|Clicking on element: By.Id: menuUserLink
2025-08-09 19:26:23.0120|INFO|SeleniumFramework.Logger|Clicking on element: By.Id: menuUserLink
2025-08-09 19:26:23.0291|INFO|SeleniumFramework.Logger|Wait for element:By.XPath: //a[text()='CREATE NEW ACCOUNT'] to be clickable in 30s seconds
2025-08-09 19:26:23.0291|INFO|SeleniumFramework.Logger|Wait for element:By.XPath: //a[text()='CREATE NEW ACCOUNT'] to be clickable in 30s seconds
2025-08-09 19:26:23.5526|INFO|SeleniumFramework.Logger|Clicking on element: By.XPath: //a[text()='CREATE NEW ACCOUNT']
2025-08-09 19:26:23.5526|INFO|SeleniumFramework.Logger|Clicking on element: By.XPath: //a[text()='CREATE NEW ACCOUNT']
2025-08-09 19:26:23.8192|INFO|SeleniumFramework.Logger|Entering techguy01 over element:First Name field
2025-08-09 19:26:23.8192|INFO|SeleniumFramework.Logger|Entering shopper_j over element:First Name field
2025-08-09 19:26:23.9528|INFO|SeleniumFramework.Logger|Entering techguy01@testmail.com over element:Eamil field
2025-08-09 19:26:23.9541|INFO|SeleniumFramework.Logger|Entering shopper.j@testmail.com over element:Eamil field
2025-08-09 19:26:24.0054|INFO|SeleniumFramework.Logger|Entering Pass@1234 over element:password field
2025-08-09 19:26:24.0103|INFO|SeleniumFramework.Logger|Entering Shop@5678 over element:password field
2025-08-09 19:26:24.0521|INFO|SeleniumFramework.Logger|Entering Shop@5678 over element:Confirm password field
2025-08-09 19:26:24.0521|INFO|SeleniumFramework.Logger|Entering Pass@1234 over element:Confirm password field
2025-08-09 19:26:24.1049|INFO|SeleniumFramework.Logger|Entering Rahul over element:Eamil field
2025-08-09 19:26:24.1049|INFO|SeleniumFramework.Logger|Entering Jessica over element:Eamil field
2025-08-09 19:26:24.1450|INFO|SeleniumFramework.Logger|Entering 5551234567 over element:Eamil field
2025-08-09 19:26:24.1464|INFO|SeleniumFramework.Logger|Entering 9876543210 over element:Eamil field
2025-08-09 19:26:24.1806|INFO|SeleniumFramework.Logger|Selecting value: India from dropdown: Country dropdown
2025-08-09 19:26:24.1806|INFO|SeleniumFramework.Logger|Selecting value: United States from dropdown: Country dropdown
2025-08-09 19:26:24.1810|INFO|SeleniumFramework.Logger|Wait for element:By.CssSelector: select[name='countryListboxRegisterPage'] to be visible,for time: 50 seconds.
2025-08-09 19:26:24.1810|INFO|SeleniumFramework.Logger|Wait for element:By.CssSelector: select[name='countryListboxRegisterPage'] to be visible,for time: 50 seconds.
2025-08-09 19:26:24.2435|INFO|SeleniumFramework.Logger|Entering Bengaluru over element:Eamil field
2025-08-09 19:26:24.2435|INFO|SeleniumFramework.Logger|Entering New York over element:Eamil field
2025-08-09 19:26:24.2848|INFO|SeleniumFramework.Logger|Entering 45 Madison Ave over element:Eamil field
2025-08-09 19:26:24.2859|INFO|SeleniumFramework.Logger|Entering 12 MG Road over element:Eamil field
2025-08-09 19:26:24.3325|INFO|SeleniumFramework.Logger|Entering  over element:Eamil field
2025-08-09 19:26:24.3349|INFO|SeleniumFramework.Logger|Entering  over element:Eamil field
2025-08-09 19:26:24.3475|INFO|SeleniumFramework.Tests.BaseTests|================== Ending Test =================
2025-08-09 19:26:24.3475|INFO|SeleniumFramework.Tests.BaseTests|================== Ending Test =================
2025-08-09 19:28:27.8525|INFO|SeleniumFramework.Tests.BaseTests|================== Starting Test =================
2025-08-09 19:28:27.8525|INFO|SeleniumFramework.Tests.BaseTests|================== Starting Test =================
2025-08-09 19:28:32.5880|INFO|SeleniumFramework.Logger|Wait for element:By.Id: menuUserLink to be clickable in 30s seconds
2025-08-09 19:28:32.5880|INFO|SeleniumFramework.Logger|Wait for element:By.Id: menuUserLink to be clickable in 30s seconds
2025-08-09 19:28:32.6054|INFO|SeleniumFramework.Logger|Clicking on element: By.Id: menuUserLink
2025-08-09 19:28:32.6054|INFO|SeleniumFramework.Logger|Clicking on element: By.Id: menuUserLink
2025-08-09 19:28:32.6192|INFO|SeleniumFramework.Logger|Wait for element:By.XPath: //a[text()='CREATE NEW ACCOUNT'] to be clickable in 30s seconds
2025-08-09 19:28:32.6205|INFO|SeleniumFramework.Logger|Wait for element:By.XPath: //a[text()='CREATE NEW ACCOUNT'] to be clickable in 30s seconds
2025-08-09 19:28:33.1448|INFO|SeleniumFramework.Logger|Clicking on element: By.XPath: //a[text()='CREATE NEW ACCOUNT']
2025-08-09 19:28:33.1448|INFO|SeleniumFramework.Logger|Clicking on element: By.XPath: //a[text()='CREATE NEW ACCOUNT']
2025-08-09 19:28:33.4148|INFO|SeleniumFramework.Logger|Entering techguy01 over element:First Name field
2025-08-09 19:28:33.4174|INFO|SeleniumFramework.Logger|Entering shopper_j over element:First Name field
2025-08-09 19:28:33.5511|INFO|SeleniumFramework.Logger|Entering techguy01@testmail.com over element:Eamil field
2025-08-09 19:28:33.5511|INFO|SeleniumFramework.Logger|Entering shopper.j@testmail.com over element:Eamil field
2025-08-09 19:28:33.6132|INFO|SeleniumFramework.Logger|Entering Shop@5678 over element:password field
2025-08-09 19:28:33.6132|INFO|SeleniumFramework.Logger|Entering Pass@1234 over element:password field
2025-08-09 19:28:33.6767|INFO|SeleniumFramework.Logger|Entering Shop@5678 over element:Confirm password field
2025-08-09 19:28:33.6781|INFO|SeleniumFramework.Logger|Entering Pass@1234 over element:Confirm password field
2025-08-09 19:28:33.7196|INFO|SeleniumFramework.Logger|Entering Rahul over element:firstname field
2025-08-09 19:28:33.7196|INFO|SeleniumFramework.Logger|Entering Jessica over element:firstname field
2025-08-09 19:28:33.7611|INFO|SeleniumFramework.Logger|Entering 9876543210 over element:phonenumber field
2025-08-09 19:28:33.7645|INFO|SeleniumFramework.Logger|Entering 5551234567 over element:phonenumber field
2025-08-09 19:28:33.7931|INFO|SeleniumFramework.Logger|Selecting value: India from dropdown: Country dropdown
2025-08-09 19:28:33.7931|INFO|SeleniumFramework.Logger|Wait for element:By.CssSelector: select[name='countryListboxRegisterPage'] to be visible,for time: 50 seconds.
2025-08-09 19:28:33.7972|INFO|SeleniumFramework.Logger|Selecting value: United States from dropdown: Country dropdown
2025-08-09 19:28:33.7972|INFO|SeleniumFramework.Logger|Wait for element:By.CssSelector: select[name='countryListboxRegisterPage'] to be visible,for time: 50 seconds.
2025-08-09 19:28:33.8490|INFO|SeleniumFramework.Logger|Entering Bengaluru over element:city field
2025-08-09 19:28:33.8490|INFO|SeleniumFramework.Logger|Entering New York over element:city field
2025-08-09 19:28:33.8895|INFO|SeleniumFramework.Logger|Entering 12 MG Road over element:address field
2025-08-09 19:28:33.8896|INFO|SeleniumFramework.Logger|Entering 45 Madison Ave over element:address field
2025-08-09 19:28:33.9307|INFO|SeleniumFramework.Logger|Entering  over element:state field
2025-08-09 19:28:33.9358|INFO|SeleniumFramework.Logger|Entering  over element:state field
2025-08-09 19:28:33.9451|INFO|SeleniumFramework.Tests.BaseTests|================== Ending Test =================
2025-08-09 19:28:33.9451|INFO|SeleniumFramework.Tests.BaseTests|================== Ending Test =================
2025-08-09 19:29:49.3878|INFO|SeleniumFramework.Tests.BaseTests|================== Starting Test =================
2025-08-09 19:29:49.3878|INFO|SeleniumFramework.Tests.BaseTests|================== Starting Test =================
2025-08-09 19:29:53.9336|INFO|SeleniumFramework.Logger|Wait for element:By.Id: menuUserLink to be clickable in 30s seconds
2025-08-09 19:29:53.9336|INFO|SeleniumFramework.Logger|Wait for element:By.Id: menuUserLink to be clickable in 30s seconds
2025-08-09 19:29:53.9497|INFO|SeleniumFramework.Logger|Clicking on element: By.Id: menuUserLink
2025-08-09 19:29:53.9497|INFO|SeleniumFramework.Logger|Clicking on element: By.Id: menuUserLink
2025-08-09 19:29:53.9633|INFO|SeleniumFramework.Logger|Wait for element:By.XPath: //a[text()='CREATE NEW ACCOUNT'] to be clickable in 30s seconds
2025-08-09 19:29:53.9633|INFO|SeleniumFramework.Logger|Wait for element:By.XPath: //a[text()='CREATE NEW ACCOUNT'] to be clickable in 30s seconds
2025-08-09 19:29:54.4897|INFO|SeleniumFramework.Logger|Clicking on element: By.XPath: //a[text()='CREATE NEW ACCOUNT']
2025-08-09 19:29:54.4897|INFO|SeleniumFramework.Logger|Clicking on element: By.XPath: //a[text()='CREATE NEW ACCOUNT']
2025-08-09 19:29:54.7584|INFO|SeleniumFramework.Logger|Entering techguy01 over element:First Name field
2025-08-09 19:29:54.7584|INFO|SeleniumFramework.Logger|Entering shopper_j over element:First Name field
2025-08-09 19:29:54.9100|INFO|SeleniumFramework.Logger|Entering techguy01@testmail.com over element:Eamil field
2025-08-09 19:29:54.9100|INFO|SeleniumFramework.Logger|Entering shopper.j@testmail.com over element:Eamil field
2025-08-09 19:29:54.9650|INFO|SeleniumFramework.Logger|Entering Pass@1234 over element:password field
2025-08-09 19:29:54.9650|INFO|SeleniumFramework.Logger|Entering Shop@5678 over element:password field
2025-08-09 19:29:55.0153|INFO|SeleniumFramework.Logger|Entering Pass@1234 over element:Confirm password field
2025-08-09 19:29:55.0164|INFO|SeleniumFramework.Logger|Entering Shop@5678 over element:Confirm password field
2025-08-09 19:29:55.0606|INFO|SeleniumFramework.Logger|Entering Rahul over element:firstname field
2025-08-09 19:29:55.0606|INFO|SeleniumFramework.Logger|Entering Jessica over element:firstname field
2025-08-09 19:29:55.1013|INFO|SeleniumFramework.Logger|Entering 9876543210 over element:phonenumber field
2025-08-09 19:29:55.1026|INFO|SeleniumFramework.Logger|Entering 5551234567 over element:phonenumber field
2025-08-09 19:29:55.1375|INFO|SeleniumFramework.Logger|Selecting value: United States from dropdown: Country dropdown
2025-08-09 19:29:55.1375|INFO|SeleniumFramework.Logger|Wait for element:By.CssSelector: select[name='countryListboxRegisterPage'] to be visible,for time: 50 seconds.
2025-08-09 19:29:55.1396|INFO|SeleniumFramework.Logger|Selecting value: India from dropdown: Country dropdown
2025-08-09 19:29:55.1396|INFO|SeleniumFramework.Logger|Wait for element:By.CssSelector: select[name='countryListboxRegisterPage'] to be visible,for time: 50 seconds.
2025-08-09 19:29:55.1961|INFO|SeleniumFramework.Logger|Entering Bengaluru over element:city field
2025-08-09 19:29:55.1961|INFO|SeleniumFramework.Logger|Entering New York over element:city field
2025-08-09 19:29:55.2379|INFO|SeleniumFramework.Logger|Entering 12 MG Road over element:address field
2025-08-09 19:29:55.2391|INFO|SeleniumFramework.Logger|Entering 45 Madison Ave over element:address field
2025-08-09 19:29:55.2746|INFO|SeleniumFramework.Logger|Wait for element:By.XPath: //input[@name='state_/_province_/_regionRegisterPage'] to be visible,for time: 50 seconds.
2025-08-09 19:29:55.2790|INFO|SeleniumFramework.Logger|Wait for element:By.XPath: //input[@name='state_/_province_/_regionRegisterPage'] to be visible,for time: 50 seconds.
2025-08-09 19:29:55.2930|INFO|SeleniumFramework.Logger|Entering  over element:state field
2025-08-09 19:29:55.2959|INFO|SeleniumFramework.Logger|Entering  over element:state field
2025-08-09 19:29:55.3079|INFO|SeleniumFramework.Tests.BaseTests|================== Ending Test =================
2025-08-09 19:29:55.3079|INFO|SeleniumFramework.Tests.BaseTests|================== Ending Test =================
2025-08-09 19:30:17.6702|INFO|SeleniumFramework.Tests.BaseTests|================== Starting Test =================
2025-08-09 19:30:22.4371|INFO|SeleniumFramework.Logger|Wait for element:By.Id: menuUserLink to be clickable in 30s seconds
2025-08-09 19:30:22.4552|INFO|SeleniumFramework.Logger|Clicking on element: By.Id: menuUserLink
2025-08-09 19:30:25.9367|INFO|SeleniumFramework.Logger|Wait for element:By.XPath: //a[text()='CREATE NEW ACCOUNT'] to be clickable in 30s seconds
2025-08-09 19:30:25.9825|INFO|SeleniumFramework.Logger|Clicking on element: By.XPath: //a[text()='CREATE NEW ACCOUNT']
2025-08-09 19:30:26.2744|INFO|SeleniumFramework.Logger|Entering techguy01 over element:First Name field
2025-08-09 19:30:26.4691|INFO|SeleniumFramework.Logger|Entering techguy01@testmail.com over element:Eamil field
2025-08-09 19:30:26.5435|INFO|SeleniumFramework.Logger|Entering Pass@1234 over element:password field
2025-08-09 19:30:26.6944|INFO|SeleniumFramework.Logger|Entering Pass@1234 over element:Confirm password field
2025-08-09 19:30:26.8181|INFO|SeleniumFramework.Logger|Entering Rahul over element:firstname field
2025-08-09 19:30:26.9076|INFO|SeleniumFramework.Logger|Entering 9876543210 over element:phonenumber field
2025-08-09 19:30:26.9931|INFO|SeleniumFramework.Logger|Selecting value: India from dropdown: Country dropdown
2025-08-09 19:30:26.9938|INFO|SeleniumFramework.Logger|Wait for element:By.CssSelector: select[name='countryListboxRegisterPage'] to be visible,for time: 50 seconds.
2025-08-09 19:30:27.1925|INFO|SeleniumFramework.Logger|Entering Bengaluru over element:city field
2025-08-09 19:30:27.2842|INFO|SeleniumFramework.Logger|Entering 12 MG Road over element:address field
2025-08-09 19:30:27.3662|INFO|SeleniumFramework.Logger|Wait for element:By.XPath: //input[@name='state_/_province_/_regionRegisterPage'] to be visible,for time: 50 seconds.
2025-08-09 19:30:27.4376|INFO|SeleniumFramework.Logger|Entering  over element:state field
2025-08-09 19:31:14.1122|INFO|SeleniumFramework.Tests.BaseTests|================== Ending Test =================
2025-08-09 19:31:14.3362|INFO|SeleniumFramework.Tests.BaseTests|================== Starting Test =================
2025-08-09 19:31:17.9244|INFO|SeleniumFramework.Logger|Wait for element:By.Id: menuUserLink to be clickable in 30s seconds
2025-08-09 19:31:17.9370|INFO|SeleniumFramework.Logger|Clicking on element: By.Id: menuUserLink
2025-08-09 19:31:17.9485|INFO|SeleniumFramework.Logger|Wait for element:By.XPath: //a[text()='CREATE NEW ACCOUNT'] to be clickable in 30s seconds
2025-08-09 19:31:18.4784|INFO|SeleniumFramework.Logger|Clicking on element: By.XPath: //a[text()='CREATE NEW ACCOUNT']
2025-08-09 19:31:18.7523|INFO|SeleniumFramework.Logger|Entering shopper_j over element:First Name field
2025-08-09 19:31:18.8536|INFO|SeleniumFramework.Logger|Entering shopper.j@testmail.com over element:Eamil field
2025-08-09 19:31:18.9002|INFO|SeleniumFramework.Logger|Entering Shop@5678 over element:password field
2025-08-09 19:31:18.9428|INFO|SeleniumFramework.Logger|Entering Shop@5678 over element:Confirm password field
2025-08-09 19:31:18.9890|INFO|SeleniumFramework.Logger|Entering Jessica over element:firstname field
2025-08-09 19:31:19.0278|INFO|SeleniumFramework.Logger|Entering 5551234567 over element:phonenumber field
2025-08-09 19:31:19.0589|INFO|SeleniumFramework.Logger|Selecting value: United States from dropdown: Country dropdown
2025-08-09 19:31:19.0589|INFO|SeleniumFramework.Logger|Wait for element:By.CssSelector: select[name='countryListboxRegisterPage'] to be visible,for time: 50 seconds.
2025-08-09 19:31:19.1058|INFO|SeleniumFramework.Logger|Entering New York over element:city field
2025-08-09 19:31:19.1437|INFO|SeleniumFramework.Logger|Entering 45 Madison Ave over element:address field
2025-08-09 19:31:19.1762|INFO|SeleniumFramework.Logger|Wait for element:By.XPath: //input[@name='state_/_province_/_regionRegisterPage'] to be visible,for time: 50 seconds.
2025-08-09 19:31:19.1907|INFO|SeleniumFramework.Logger|Entering  over element:state field
2025-08-09 19:31:19.2001|INFO|SeleniumFramework.Tests.BaseTests|================== Ending Test =================
2025-08-09 19:31:27.8375|INFO|SeleniumFramework.Tests.BaseTests|================== Starting Test =================
2025-08-09 19:31:31.3013|INFO|SeleniumFramework.Logger|Wait for element:By.Id: menuUserLink to be clickable in 30s seconds
2025-08-09 19:31:31.3149|INFO|SeleniumFramework.Logger|Clicking on element: By.Id: menuUserLink
2025-08-09 19:31:34.7406|INFO|SeleniumFramework.Logger|Wait for element:By.XPath: //a[text()='CREATE NEW ACCOUNT'] to be clickable in 30s seconds
2025-08-09 19:31:34.7620|INFO|SeleniumFramework.Logger|Clicking on element: By.XPath: //a[text()='CREATE NEW ACCOUNT']
2025-08-09 19:31:35.0633|INFO|SeleniumFramework.Logger|Entering techguy01 over element:First Name field
2025-08-09 19:31:35.1672|INFO|SeleniumFramework.Logger|Entering techguy01@testmail.com over element:Eamil field
2025-08-09 19:31:35.2885|INFO|SeleniumFramework.Logger|Entering Pass@1234 over element:password field
2025-08-09 19:31:35.3345|INFO|SeleniumFramework.Logger|Entering Pass@1234 over element:Confirm password field
2025-08-09 19:31:35.3970|INFO|SeleniumFramework.Logger|Entering Rahul over element:firstname field
2025-08-09 19:31:35.5075|INFO|SeleniumFramework.Logger|Entering 9876543210 over element:phonenumber field
2025-08-09 19:31:35.5686|INFO|SeleniumFramework.Logger|Selecting value: India from dropdown: Country dropdown
2025-08-09 19:31:35.5686|INFO|SeleniumFramework.Logger|Wait for element:By.CssSelector: select[name='countryListboxRegisterPage'] to be visible,for time: 50 seconds.
2025-08-09 19:31:35.6860|INFO|SeleniumFramework.Logger|Entering Bengaluru over element:city field
2025-08-09 19:31:35.7722|INFO|SeleniumFramework.Logger|Entering 12 MG Road over element:address field
2025-08-09 19:31:35.8259|INFO|SeleniumFramework.Logger|Wait for element:By.XPath: //input[@name='postal_codeRegisterPage'] to be visible,for time: 50 seconds.
2025-08-09 19:31:35.9471|INFO|SeleniumFramework.Logger|Entering 560001 over element:code field
2025-08-09 19:31:36.0457|INFO|SeleniumFramework.Logger|Wait for element:Register button to be clickable in 50s seconds
2025-08-09 19:31:46.1546|INFO|SeleniumFramework.Logger|Clicking on element: By.XPath: //button[@id='register_btn']
2025-08-09 19:31:46.2249|INFO|SeleniumFramework.Tests.BaseTests|================== Ending Test =================
2025-08-09 19:31:46.3149|INFO|SeleniumFramework.Tests.BaseTests|================== Starting Test =================
2025-08-09 19:31:49.2095|INFO|SeleniumFramework.Logger|Wait for element:By.Id: menuUserLink to be clickable in 30s seconds
2025-08-09 19:31:50.3782|INFO|SeleniumFramework.Logger|Clicking on element: By.Id: menuUserLink
2025-08-09 19:31:52.8423|INFO|SeleniumFramework.Logger|Wait for element:By.XPath: //a[text()='CREATE NEW ACCOUNT'] to be clickable in 30s seconds
2025-08-09 19:31:52.8981|INFO|SeleniumFramework.Logger|Clicking on element: By.XPath: //a[text()='CREATE NEW ACCOUNT']
2025-08-09 19:31:53.5420|INFO|SeleniumFramework.Logger|Entering shopper_j over element:First Name field
2025-08-09 19:31:53.6634|INFO|SeleniumFramework.Logger|Entering shopper.j@testmail.com over element:Eamil field
2025-08-09 19:31:53.7322|INFO|SeleniumFramework.Logger|Entering Shop@5678 over element:password field
2025-08-09 19:31:53.8190|INFO|SeleniumFramework.Logger|Entering Shop@5678 over element:Confirm password field
2025-08-09 19:31:53.9324|INFO|SeleniumFramework.Logger|Entering Jessica over element:firstname field
2025-08-09 19:31:54.0177|INFO|SeleniumFramework.Logger|Entering 5551234567 over element:phonenumber field
2025-08-09 19:31:54.0988|INFO|SeleniumFramework.Logger|Selecting value: United States from dropdown: Country dropdown
2025-08-09 19:31:54.0988|INFO|SeleniumFramework.Logger|Wait for element:By.CssSelector: select[name='countryListboxRegisterPage'] to be visible,for time: 50 seconds.
2025-08-09 19:31:54.3664|INFO|SeleniumFramework.Logger|Entering New York over element:city field
2025-08-09 19:31:54.5502|INFO|SeleniumFramework.Logger|Entering 45 Madison Ave over element:address field
2025-08-09 19:31:54.6153|INFO|SeleniumFramework.Logger|Wait for element:By.XPath: //input[@name='postal_codeRegisterPage'] to be visible,for time: 50 seconds.
2025-08-09 19:31:54.7361|INFO|SeleniumFramework.Logger|Entering 10016 over element:code field
2025-08-09 19:31:54.8208|INFO|SeleniumFramework.Logger|Wait for element:Register button to be clickable in 50s seconds
2025-08-09 19:32:00.4226|INFO|SeleniumFramework.Logger|Clicking on element: By.XPath: //button[@id='register_btn']
2025-08-09 19:32:00.4893|INFO|SeleniumFramework.Tests.BaseTests|================== Ending Test =================
2025-08-09 19:35:40.3192|INFO|SeleniumFramework.Tests.BaseTests|================== Starting Test =================
2025-08-09 19:35:40.3192|INFO|SeleniumFramework.Tests.BaseTests|================== Starting Test =================
2025-08-09 19:35:43.7724|INFO|SeleniumFramework.Logger|Wait for element:By.Id: menuUserLink to be clickable in 30s seconds
2025-08-09 19:35:44.8243|INFO|SeleniumFramework.Logger|Wait for element:By.Id: menuUserLink to be clickable in 30s seconds
2025-08-09 19:35:44.8283|INFO|SeleniumFramework.Logger|Clicking on element: By.Id: menuUserLink
2025-08-09 19:35:44.8375|INFO|SeleniumFramework.Logger|Clicking on element: By.Id: menuUserLink
2025-08-09 19:35:44.8428|INFO|SeleniumFramework.Logger|Wait for element:By.XPath: //a[text()='CREATE NEW ACCOUNT'] to be clickable in 30s seconds
2025-08-09 19:35:44.8477|INFO|SeleniumFramework.Logger|Wait for element:By.XPath: //a[text()='CREATE NEW ACCOUNT'] to be clickable in 30s seconds
2025-08-09 19:35:45.3647|INFO|SeleniumFramework.Logger|Clicking on element: By.XPath: //a[text()='CREATE NEW ACCOUNT']
2025-08-09 19:35:45.3661|INFO|SeleniumFramework.Logger|Clicking on element: By.XPath: //a[text()='CREATE NEW ACCOUNT']
2025-08-09 19:35:45.6218|INFO|SeleniumFramework.Logger|Entering shopper_j over element:First Name field
2025-08-09 19:35:45.7295|INFO|SeleniumFramework.Logger|Entering shopper.j@testmail.com over element:Eamil field
2025-08-09 19:35:45.7773|INFO|SeleniumFramework.Logger|Entering Shop@5678 over element:password field
2025-08-09 19:35:45.8193|INFO|SeleniumFramework.Logger|Entering Shop@5678 over element:Confirm password field
2025-08-09 19:35:45.8702|INFO|SeleniumFramework.Logger|Entering Jessica over element:firstname field
2025-08-09 19:35:45.9090|INFO|SeleniumFramework.Logger|Entering 5551234567 over element:phonenumber field
2025-08-09 19:35:45.9416|INFO|SeleniumFramework.Logger|Selecting value: United States from dropdown: Country dropdown
2025-08-09 19:35:45.9416|INFO|SeleniumFramework.Logger|Wait for element:By.CssSelector: select[name='countryListboxRegisterPage'] to be visible,for time: 50 seconds.
2025-08-09 19:35:45.9865|INFO|SeleniumFramework.Logger|Entering New York over element:city field
2025-08-09 19:35:46.0232|INFO|SeleniumFramework.Logger|Entering 45 Madison Ave over element:address field
2025-08-09 19:35:46.0556|INFO|SeleniumFramework.Logger|Wait for element:By.XPath: //input[@name='postal_codeRegisterPage'] to be visible,for time: 50 seconds.
2025-08-09 19:35:46.0719|INFO|SeleniumFramework.Logger|Entering 10016 over element:code field
2025-08-09 19:35:46.1016|INFO|SeleniumFramework.Logger|Wait for element:agree terms button to be clickable in 50s seconds
2025-08-09 19:35:46.1110|INFO|SeleniumFramework.Logger|Clicking on element: By.XPath: //input[@name='i_agree']
2025-08-09 19:35:46.1164|INFO|SeleniumFramework.Logger|Wait for element:Register button to be clickable in 50s seconds
2025-08-09 19:35:46.1262|INFO|SeleniumFramework.Logger|Clicking on element: By.XPath: //button[@id='register_btn']
2025-08-09 19:35:46.1338|INFO|SeleniumFramework.Tests.BaseTests|================== Ending Test =================
2025-08-09 19:35:46.2854|INFO|SeleniumFramework.Logger|Entering techguy01 over element:First Name field
2025-08-09 19:35:46.3833|INFO|SeleniumFramework.Logger|Entering techguy01@testmail.com over element:Eamil field
2025-08-09 19:35:46.4258|INFO|SeleniumFramework.Logger|Entering Pass@1234 over element:password field
2025-08-09 19:35:46.4762|INFO|SeleniumFramework.Logger|Entering Pass@1234 over element:Confirm password field
2025-08-09 19:35:46.5147|INFO|SeleniumFramework.Logger|Entering Rahul over element:firstname field
2025-08-09 19:35:46.5555|INFO|SeleniumFramework.Logger|Entering 9876543210 over element:phonenumber field
2025-08-09 19:35:46.5860|INFO|SeleniumFramework.Logger|Selecting value: India from dropdown: Country dropdown
2025-08-09 19:35:46.5860|INFO|SeleniumFramework.Logger|Wait for element:By.CssSelector: select[name='countryListboxRegisterPage'] to be visible,for time: 50 seconds.
2025-08-09 19:35:46.6288|INFO|SeleniumFramework.Logger|Entering Bengaluru over element:city field
2025-08-09 19:35:46.6744|INFO|SeleniumFramework.Logger|Entering 12 MG Road over element:address field
2025-08-09 19:35:46.7048|INFO|SeleniumFramework.Logger|Wait for element:By.XPath: //input[@name='postal_codeRegisterPage'] to be visible,for time: 50 seconds.
2025-08-09 19:35:46.7194|INFO|SeleniumFramework.Logger|Entering 560001 over element:code field
2025-08-09 19:35:46.7490|INFO|SeleniumFramework.Logger|Wait for element:agree terms button to be clickable in 50s seconds
2025-08-09 19:35:46.7580|INFO|SeleniumFramework.Logger|Clicking on element: By.XPath: //input[@name='i_agree']
2025-08-09 19:35:46.7631|INFO|SeleniumFramework.Logger|Wait for element:Register button to be clickable in 50s seconds
2025-08-09 19:35:46.7744|INFO|SeleniumFramework.Logger|Clicking on element: By.XPath: //button[@id='register_btn']
2025-08-09 19:35:46.7802|INFO|SeleniumFramework.Tests.BaseTests|================== Ending Test =================
2025-08-17 21:32:52.9926|INFO|SeleniumFramework.Tests.BaseTests|================== Starting Test =================
2025-08-17 21:32:52.9926|INFO|SeleniumFramework.Tests.BaseTests|================== Starting Test =================
2025-08-17 21:33:05.2446|INFO|SeleniumFramework.Logger|Wait for element:By.Id: menuUserLink to be clickable in 30s seconds
2025-08-17 21:33:05.2611|INFO|SeleniumFramework.Logger|Clicking on element: By.Id: menuUserLink
2025-08-17 21:33:05.8020|INFO|SeleniumFramework.Logger|Entering anuroop over element:By.XPath: //input[@name='username']
2025-08-17 21:33:05.8747|INFO|SeleniumFramework.Logger|Wait for element:By.Id: menuUserLink to be clickable in 30s seconds
2025-08-17 21:33:05.9034|INFO|SeleniumFramework.Logger|Clicking on element: By.Id: menuUserLink
2025-08-17 21:33:05.9402|INFO|SeleniumFramework.Logger|Entering Password@123 over element:By.XPath: //input[@name='password']
2025-08-17 21:33:06.9411|INFO|SeleniumFramework.Logger|Entering anuroop over element:By.XPath: //input[@name='username']
2025-08-17 21:33:07.0263|INFO|SeleniumFramework.Logger|Entering Password@123 over element:By.XPath: //input[@name='password']
2025-08-17 21:33:07.9845|INFO|SeleniumFramework.Logger|Wait for element:By.XPath: //button[@id='sign_in_btn'] to be clickable in 50s seconds
2025-08-17 21:33:08.0122|INFO|SeleniumFramework.Logger|Clicking on element: By.XPath: //button[@id='sign_in_btn']
2025-08-17 21:33:08.5442|INFO|SeleniumFramework.Logger|Wait for element:By.Id: menuUserLink to be clickable in 30s seconds
2025-08-17 21:33:08.5565|INFO|SeleniumFramework.Logger|Clicking on element: By.Id: menuUserLink
2025-08-17 21:33:08.5647|INFO|SeleniumFramework.Logger|Wait for element:By.XPath: //div[@id='loginMiniTitle']/label[text()='Sign out'] to be clickable in 50s seconds
2025-08-17 21:33:09.0604|INFO|SeleniumFramework.Logger|Wait for element:By.XPath: //button[@id='sign_in_btn'] to be clickable in 50s seconds
2025-08-17 21:33:09.0876|INFO|SeleniumFramework.Logger|Clicking on element: By.XPath: //button[@id='sign_in_btn']
2025-08-17 21:33:09.0917|INFO|SeleniumFramework.Logger|Clicking on element: By.XPath: //div[@id='loginMiniTitle']/label[text()='Sign out']
2025-08-17 21:33:09.1021|INFO|SeleniumFramework.Tests.BaseTests|================== Ending Test =================
2025-08-17 21:33:10.1134|INFO|SeleniumFramework.Logger|Wait for element:By.Id: menuUserLink to be clickable in 30s seconds
2025-08-17 21:33:10.1203|INFO|SeleniumFramework.Logger|Clicking on element: By.Id: menuUserLink
2025-08-17 21:33:10.1304|INFO|SeleniumFramework.Logger|Wait for element:By.XPath: //div[@id='loginMiniTitle']/label[text()='Sign out'] to be clickable in 50s seconds
2025-08-17 21:33:10.1384|INFO|SeleniumFramework.Logger|Clicking on element: By.XPath: //div[@id='loginMiniTitle']/label[text()='Sign out']
2025-08-17 21:33:10.1439|INFO|SeleniumFramework.Tests.BaseTests|================== Ending Test =================
2025-08-17 22:30:03.2636|INFO|SeleniumFramework.Tests.BaseTests|================== Starting Test =================
2025-08-17 22:30:03.2636|INFO|SeleniumFramework.Tests.BaseTests|================== Starting Test =================
2025-08-17 22:30:08.2019|INFO|SeleniumFramework.Logger|Wait for element:By.Id: menuUserLink to be clickable in 30s seconds
2025-08-17 22:30:08.2019|INFO|SeleniumFramework.Logger|Wait for element:By.Id: menuUserLink to be clickable in 30s seconds
2025-08-17 22:30:09.9800|INFO|SeleniumFramework.Logger|Clicking on element: By.Id: menuUserLink
2025-08-17 22:30:09.9800|INFO|SeleniumFramework.Logger|Clicking on element: By.Id: menuUserLink
2025-08-17 22:30:10.5265|INFO|SeleniumFramework.Logger|Entering anuroop over element:By.XPath: //input[@name='username']
2025-08-17 22:30:10.5265|INFO|SeleniumFramework.Logger|Entering anuroop over element:By.XPath: //input[@name='username']
2025-08-17 22:30:10.6587|INFO|SeleniumFramework.Logger|Entering Password@123 over element:By.XPath: //input[@name='password']
2025-08-17 22:30:10.6587|INFO|SeleniumFramework.Logger|Entering Password@123 over element:By.XPath: //input[@name='password']
2025-08-17 22:30:12.7042|INFO|SeleniumFramework.Logger|Wait for element:By.XPath: //button[@id='sign_in_btn'] to be clickable in 50s seconds
2025-08-17 22:30:12.7042|INFO|SeleniumFramework.Logger|Wait for element:By.XPath: //button[@id='sign_in_btn'] to be clickable in 50s seconds
2025-08-17 22:30:12.7255|INFO|SeleniumFramework.Logger|Clicking on element: By.XPath: //button[@id='sign_in_btn']
2025-08-17 22:30:12.7255|INFO|SeleniumFramework.Logger|Clicking on element: By.XPath: //button[@id='sign_in_btn']
2025-08-17 22:30:13.7538|INFO|SeleniumFramework.Logger|Wait for element:By.Id: menuUserLink to be clickable in 30s seconds
2025-08-17 22:30:13.7538|INFO|SeleniumFramework.Logger|Wait for element:By.Id: menuUserLink to be clickable in 30s seconds
2025-08-17 22:30:13.7754|INFO|SeleniumFramework.Logger|Clicking on element: By.Id: menuUserLink
2025-08-17 22:30:13.7766|INFO|SeleniumFramework.Logger|Clicking on element: By.Id: menuUserLink
2025-08-17 22:30:13.7865|INFO|SeleniumFramework.Logger|Wait for element:By.XPath: //div[@id='loginMiniTitle']/label[text()='Sign out'] to be clickable in 50s seconds
2025-08-17 22:30:13.7865|INFO|SeleniumFramework.Logger|Wait for element:By.XPath: //div[@id='loginMiniTitle']/label[text()='Sign out'] to be clickable in 50s seconds
2025-08-17 22:30:13.7987|INFO|SeleniumFramework.Logger|Clicking on element: By.XPath: //div[@id='loginMiniTitle']/label[text()='Sign out']
2025-08-17 22:30:13.7987|INFO|SeleniumFramework.Logger|Clicking on element: By.XPath: //div[@id='loginMiniTitle']/label[text()='Sign out']
2025-08-17 22:30:13.8062|INFO|SeleniumFramework.Tests.BaseTests|================== Ending Test =================
2025-08-17 22:30:13.8062|INFO|SeleniumFramework.Tests.BaseTests|================== Ending Test =================
